# JRE version: Java(TM) SE Runtime Environment (17.0.10+11) (build 17.0.10+11-LTS-240)
# Java VM: Java HotSpot(TM) 64-Bit Server VM (17.0.10+11-LTS-240, mixed mode, sharing, tiered, compressed oops, compressed class ptrs, g1 gc, windows-amd64)
GC Precious Log:
 CPUs: 20 total, 20 available
 Memory: 24195M
 Large Page Support: Disabled
 NUMA Support: Disabled
 Compressed Oops: Enabled (Zero based)
 Heap Region Size: 4M
 Heap Min Capacity: 8M
 Heap Initial Capacity: 380M
 Heap Max Capacity: 6052M
 Pre-touch: Disabled
 Parallel Workers: 15
 Concurrent Workers: 4
 Concurrent Refinement Workers: 15
 Periodic GC: Disabled
Heap:
 garbage-first heap   total 401408K, used 173183K [0x0000000685c00000, 0x0000000800000000)
  region size 4096K, 2 young (8192K), 2 survivors (8192K)
 Metaspace       used 74837K, committed 75456K, reserved 1179648K
  class space    used 10393K, committed 10688K, reserved 1048576K
GC Heap History (20 events):
Event: 7.091 GC heap after
{Heap after GC invocations=21 (full 0):
 garbage-first heap   total 122880K, used 60320K [0x0000000685c00000, 0x0000000800000000)
  region size 4096K, 2 young (8192K), 2 survivors (8192K)
 Metaspace       used 73229K, committed 73920K, reserved 1114112K
  class space    used 10159K, committed 10496K, reserved 1048576K
}
Event: 7.111 GC heap before
{Heap before GC invocations=21 (full 0):
 garbage-first heap   total 122880K, used 84896K [0x0000000685c00000, 0x0000000800000000)
  region size 4096K, 9 young (36864K), 2 survivors (8192K)
 Metaspace       used 73229K, committed 73920K, reserved 1114112K
  class space    used 10159K, committed 10496K, reserved 1048576K
}
Event: 7.115 GC heap after
{Heap after GC invocations=22 (full 0):
 garbage-first heap   total 200704K, used 72952K [0x0000000685c00000, 0x0000000800000000)
  region size 4096K, 2 young (8192K), 2 survivors (8192K)
 Metaspace       used 73229K, committed 73920K, reserved 1114112K
  class space    used 10159K, committed 10496K, reserved 1048576K
}
Event: 7.166 GC heap before
{Heap before GC invocations=22 (full 0):
 garbage-first heap   total 200704K, used 130296K [0x0000000685c00000, 0x0000000800000000)
  region size 4096K, 16 young (65536K), 2 survivors (8192K)
 Metaspace       used 73233K, committed 73920K, reserved 1114112K
  class space    used 10159K, committed 10496K, reserved 1048576K
}
Event: 7.171 GC heap after
{Heap after GC invocations=23 (full 0):
 garbage-first heap   total 200704K, used 83272K [0x0000000685c00000, 0x0000000800000000)
  region size 4096K, 2 young (8192K), 2 survivors (8192K)
 Metaspace       used 73233K, committed 73920K, reserved 1114112K
  class space    used 10159K, committed 10496K, reserved 1048576K
}
Event: 7.239 GC heap before
{Heap before GC invocations=23 (full 0):
 garbage-first heap   total 200704K, used 136520K [0x0000000685c00000, 0x0000000800000000)
  region size 4096K, 15 young (61440K), 2 survivors (8192K)
 Metaspace       used 73458K, committed 74112K, reserved 1114112K
  class space    used 10201K, committed 10496K, reserved 1048576K
}
Event: 7.244 GC heap after
{Heap after GC invocations=24 (full 0):
 garbage-first heap   total 200704K, used 86030K [0x0000000685c00000, 0x0000000800000000)
  region size 4096K, 1 young (4096K), 1 survivors (4096K)
 Metaspace       used 73458K, committed 74112K, reserved 1114112K
  class space    used 10201K, committed 10496K, reserved 1048576K
}
Event: 7.331 GC heap before
{Heap before GC invocations=24 (full 0):
 garbage-first heap   total 200704K, used 139278K [0x0000000685c00000, 0x0000000800000000)
  region size 4096K, 14 young (57344K), 1 survivors (4096K)
 Metaspace       used 73693K, committed 74304K, reserved 1114112K
  class space    used 10219K, committed 10560K, reserved 1048576K
}
Event: 7.337 GC heap after
{Heap after GC invocations=25 (full 0):
 garbage-first heap   total 200704K, used 102307K [0x0000000685c00000, 0x0000000800000000)
  region size 4096K, 2 young (8192K), 2 survivors (8192K)
 Metaspace       used 73693K, committed 74304K, reserved 1114112K
  class space    used 10219K, committed 10560K, reserved 1048576K
}
Event: 7.367 GC heap before
{Heap before GC invocations=25 (full 0):
 garbage-first heap   total 200704K, used 143267K [0x0000000685c00000, 0x0000000800000000)
  region size 4096K, 12 young (49152K), 2 survivors (8192K)
 Metaspace       used 73696K, committed 74368K, reserved 1114112K
  class space    used 10219K, committed 10560K, reserved 1048576K
}
Event: 7.371 GC heap after
{Heap after GC invocations=26 (full 0):
 garbage-first heap   total 401408K, used 113219K [0x0000000685c00000, 0x0000000800000000)
  region size 4096K, 2 young (8192K), 2 survivors (8192K)
 Metaspace       used 73696K, committed 74368K, reserved 1114112K
  class space    used 10219K, committed 10560K, reserved 1048576K
}
Event: 7.501 GC heap before
{Heap before GC invocations=27 (full 0):
 garbage-first heap   total 397312K, used 236099K [0x0000000685c00000, 0x0000000800000000)
  region size 4096K, 36 young (147456K), 2 survivors (8192K)
 Metaspace       used 73694K, committed 74368K, reserved 1114112K
  class space    used 10218K, committed 10560K, reserved 1048576K
}
Event: 7.513 GC heap after
{Heap after GC invocations=28 (full 0):
 garbage-first heap   total 397312K, used 124681K [0x0000000685c00000, 0x0000000800000000)
  region size 4096K, 5 young (20480K), 5 survivors (20480K)
 Metaspace       used 73694K, committed 74368K, reserved 1114112K
  class space    used 10218K, committed 10560K, reserved 1048576K
}
Event: 7.517 GC heap before
{Heap before GC invocations=28 (full 0):
 garbage-first heap   total 397312K, used 128777K [0x0000000685c00000, 0x0000000800000000)
  region size 4096K, 6 young (24576K), 5 survivors (20480K)
 Metaspace       used 73694K, committed 74368K, reserved 1114112K
  class space    used 10218K, committed 10560K, reserved 1048576K
}
Event: 7.524 GC heap after
{Heap after GC invocations=29 (full 0):
 garbage-first heap   total 397312K, used 116818K [0x0000000685c00000, 0x0000000800000000)
  region size 4096K, 1 young (4096K), 1 survivors (4096K)
 Metaspace       used 73694K, committed 74368K, reserved 1114112K
  class space    used 10218K, committed 10560K, reserved 1048576K
}
Event: 7.618 GC heap before
{Heap before GC invocations=29 (full 0):
 garbage-first heap   total 397312K, used 256082K [0x0000000685c00000, 0x0000000800000000)
  region size 4096K, 35 young (143360K), 1 survivors (4096K)
 Metaspace       used 73694K, committed 74368K, reserved 1114112K
  class space    used 10218K, committed 10560K, reserved 1048576K
}
Event: 7.635 GC heap after
{Heap after GC invocations=30 (full 0):
 garbage-first heap   total 397312K, used 164476K [0x0000000685c00000, 0x0000000800000000)
  region size 4096K, 5 young (20480K), 5 survivors (20480K)
 Metaspace       used 73694K, committed 74368K, reserved 1114112K
  class space    used 10218K, committed 10560K, reserved 1048576K
}
Event: 7.909 GC heap before
{Heap before GC invocations=30 (full 0):
 garbage-first heap   total 397312K, used 275068K [0x0000000685c00000, 0x0000000800000000)
  region size 4096K, 32 young (131072K), 5 survivors (20480K)
 Metaspace       used 74736K, committed 75392K, reserved 1179648K
  class space    used 10386K, committed 10688K, reserved 1048576K
}
Event: 7.915 GC heap after
{Heap after GC invocations=31 (full 0):
 garbage-first heap   total 397312K, used 170202K [0x0000000685c00000, 0x0000000800000000)
  region size 4096K, 1 young (4096K), 1 survivors (4096K)
 Metaspace       used 74736K, committed 75392K, reserved 1179648K
  class space    used 10386K, committed 10688K, reserved 1048576K
}
Event: 8.031 GC heap before
{Heap before GC invocations=31 (full 0):
 garbage-first heap   total 397312K, used 288986K [0x0000000685c00000, 0x0000000800000000)
  region size 4096K, 30 young (122880K), 1 survivors (4096K)
 Metaspace       used 74837K, committed 75456K, reserved 1179648K
  class space    used 10393K, committed 10688K, reserved 1048576K
}

